[1009/134924.733:ERROR:filesystem_win.cc(129)] GetFileAttributes C:\Users\jorge.sanchez\AppData\Local\Google\Chrome\User Data\Crashpad\attachments\9c976aa3-9800-4e31-bade-b88dde7f7a16: El sistema no puede encontrar la ruta especificada. (0x3)
[1009/134924.738:ERROR:directory_reader_win.cc(43)] FindFirstFile: El sistema no puede encontrar la ruta especificada. (0x3)
[0105/235009.850:ERROR:directory_reader_win.cc(43)] FindFirstFile: El sistema no puede encontrar la ruta especificada. (0x3)
[0114/182432.648:ERROR:directory_reader_win.cc(43)] FindFirstFile: El sistema no puede encontrar la ruta especificada. (0x3)
[0116/205648.479:ERROR:directory_reader_win.cc(43)] FindFirstFile: El sistema no puede encontrar la ruta especificada. (0x3)
[0126/203425.168:ERROR:directory_reader_win.cc(43)] FindFirstFile: El sistema no puede encontrar la ruta especificada. (0x3)
[0130/131920.836:ERROR:directory_reader_win.cc(43)] FindFirstFile: El sistema no puede encontrar la ruta especificada. (0x3)
[0202/115029.323:ERROR:directory_reader_win.cc(43)] FindFirstFile: El sistema no puede encontrar la ruta especificada. (0x3)
[0203/145653.042:ERROR:directory_reader_win.cc(43)] FindFirstFile: El sistema no puede encontrar la ruta especificada. (0x3)
[0205/232447.012:ERROR:directory_reader_win.cc(43)] FindFirstFile: El sistema no puede encontrar la ruta especificada. (0x3)
[0206/132212.187:ERROR:directory_reader_win.cc(43)] FindFirstFile: El sistema no puede encontrar la ruta especificada. (0x3)
[0208/113551.181:ERROR:directory_reader_win.cc(43)] FindFirstFile: El sistema no puede encontrar la ruta especificada. (0x3)
[0210/204706.365:ERROR:directory_reader_win.cc(43)] FindFirstFile: El sistema no puede encontrar la ruta especificada. (0x3)
[0211/140519.335:ERROR:directory_reader_win.cc(43)] FindFirstFile: El sistema no puede encontrar la ruta especificada. (0x3)
[0213/201443.121:ERROR:directory_reader_win.cc(43)] FindFirstFile: El sistema no puede encontrar la ruta especificada. (0x3)
[0214/002424.214:ERROR:process_info.cc(118)] ReadProcessMemory bool __cdecl crashpad::(anonymous namespace)::ReadStruct(HANDLE, crashpad::WinVMAddress, T *) [T = crashpad::process_types::PEB<crashpad::process_types::internal::Traits64>]: Solo se completó una parte de una solicitud ReadProcessMemory o WriteProcessMemory. (0x12B)
[0214/002424.214:ERROR:process_info.cc(551)] ReadProcessData failed
[0214/002424.245:ERROR:process_reader_win.cc(151)] SuspendThread: Acceso denegado. (0x5)
[0214/002424.245:ERROR:process_reader_win.cc(151)] SuspendThread: Acceso denegado. (0x5)
[0214/002424.245:ERROR:process_reader_win.cc(151)] SuspendThread: Acceso denegado. (0x5)
[0214/002424.245:ERROR:process_reader_win.cc(151)] SuspendThread: Acceso denegado. (0x5)
[0214/002424.245:ERROR:process_reader_win.cc(151)] SuspendThread: Acceso denegado. (0x5)
[0214/002424.245:ERROR:process_reader_win.cc(151)] SuspendThread: Acceso denegado. (0x5)
[0214/002424.245:ERROR:process_reader_win.cc(151)] SuspendThread: Acceso denegado. (0x5)
[0214/002424.245:ERROR:process_reader_win.cc(151)] SuspendThread: Acceso denegado. (0x5)
[0214/002424.245:ERROR:process_reader_win.cc(151)] SuspendThread: Acceso denegado. (0x5)
[0214/002424.245:ERROR:process_reader_win.cc(151)] SuspendThread: Acceso denegado. (0x5)
[0214/002424.245:ERROR:process_reader_win.cc(151)] SuspendThread: Acceso denegado. (0x5)
[0214/002424.245:ERROR:process_reader_win.cc(151)] SuspendThread: Acceso denegado. (0x5)
[0214/002424.245:ERROR:process_reader_win.cc(151)] SuspendThread: Acceso denegado. (0x5)
[0214/002424.245:ERROR:exception_snapshot_win.cc(99)] thread ID 4148 not found in process
[0214/002424.245:ERROR:process_reader_win.cc(151)] SuspendThread: Acceso denegado. (0x5)
[0214/002424.245:ERROR:process_reader_win.cc(151)] SuspendThread: Acceso denegado. (0x5)
[0214/002424.245:ERROR:process_reader_win.cc(151)] SuspendThread: Acceso denegado. (0x5)
[0214/002424.245:ERROR:exception_snapshot_win.cc(99)] thread ID 1180 not found in process
[0215/112506.119:ERROR:directory_reader_win.cc(43)] FindFirstFile: El sistema no puede encontrar la ruta especificada. (0x3)
